2025-06-08 03:08:54.634 | INFO     | simulation.realistic_simulation_orchestrator:main:300 - Starting realistic simulation campaign...
2025-06-08 03:08:54.635 | INFO     | simulation.realistic_simulation_orchestrator:setup_base_grid:46 - Setting up base 2000-bus grid...
2025-06-08 03:09:17.644 | INFO     | simulation.realistic_simulation_orchestrator:main:304 - Starting realistic simulation campaign...
2025-06-08 03:09:17.644 | INFO     | simulation.realistic_simulation_orchestrator:setup_base_grid:46 - Setting up base 2000-bus grid...
2025-06-08 03:09:17.645 | INFO     | grid.advanced_grid:__init__:322 - Initializing AdvancedGrid with 5 regions, 400 buses per region
2025-06-08 03:09:17.657 | INFO     | grid.advanced_grid:_create_buses:373 - Creating buses...
2025-06-08 03:09:17.697 | INFO     | grid.advanced_grid:_create_substations:405 - Creating substations...
2025-06-08 03:09:17.699 | INFO     | grid.advanced_grid:_create_generators:443 - Creating generators with load-balanced sizing...
2025-06-08 03:09:17.702 | INFO     | grid.advanced_grid:_create_generators:459 - Estimated total load: 5627.7 MW
2025-06-08 03:09:17.703 | INFO     | grid.advanced_grid:_create_generators:460 - Target generation capacity: 6753.2 MW
2025-06-08 03:09:17.704 | INFO     | grid.advanced_grid:_create_generators:479 - Creating 8 generators per region
2025-06-08 03:09:17.705 | INFO     | grid.advanced_grid:_create_generators:545 - Total generation capacity created: 6658.8 MW
2025-06-08 03:09:17.706 | INFO     | grid.advanced_grid:_create_generators:546 - Reserve margin: 18.3%
2025-06-08 03:09:17.706 | INFO     | grid.advanced_grid:_create_transformers:550 - Creating transformers...
2025-06-08 03:09:17.708 | INFO     | grid.advanced_grid:_create_transmission_lines:588 - Creating simplified transmission network...
2025-06-08 03:09:17.713 | INFO     | grid.advanced_grid:_create_interregional_ties:611 - Creating interregional ties...
2025-06-08 03:09:17.716 | INFO     | grid.advanced_grid:_create_distribution_feeders:663 - Creating distribution feeders...
2025-06-08 03:09:17.716 | INFO     | grid.advanced_grid:_deploy_smart_meters:667 - Deploying smart meters...
2025-06-08 03:09:17.717 | INFO     | grid.advanced_grid:_deploy_ders:671 - Deploying DERs...
2025-06-08 03:09:17.717 | INFO     | grid.advanced_grid:_create_microgrids:675 - Creating microgrids...
2025-06-08 03:09:17.717 | INFO     | grid.advanced_grid:_deploy_storage:679 - Deploying energy storage...
2025-06-08 03:09:17.718 | INFO     | grid.advanced_grid:_deploy_protection:683 - Deploying protection systems...
2025-06-08 03:09:17.718 | INFO     | grid.advanced_grid:_deploy_pmus:687 - Deploying PMUs...
2025-06-08 03:09:17.718 | INFO     | grid.advanced_grid:_deploy_facts:691 - Deploying FACTS devices...
2025-06-08 03:09:17.719 | INFO     | grid.advanced_grid:_setup_agc:695 - Setting up AGC...
2025-06-08 03:09:17.719 | INFO     | grid.advanced_grid:__init__:327 - Grid built: 2000 buses, 348 lines, 40 generators
2025-06-08 03:09:17.719 | INFO     | simulation.build_network:build_network:48 - Building pandapower network from AdvancedGrid...
2025-06-08 03:09:17.742 | INFO     | simulation.build_network:_add_buses:72 - Adding buses...
2025-06-08 03:09:22.139 | INFO     | simulation.build_network:_add_loads:114 - Adding loads...
2025-06-08 03:09:50.072 | INFO     | simulation.realistic_simulation_orchestrator:main:306 - Starting realistic simulation campaign...
2025-06-08 03:09:50.073 | INFO     | simulation.realistic_simulation_orchestrator:setup_base_grid:46 - Setting up base 2000-bus grid...
2025-06-08 03:09:50.073 | INFO     | grid.advanced_grid:__init__:322 - Initializing AdvancedGrid with 5 regions, 400 buses per region
2025-06-08 03:09:50.074 | INFO     | grid.advanced_grid:_create_buses:373 - Creating buses...
2025-06-08 03:09:50.103 | INFO     | grid.advanced_grid:_create_substations:405 - Creating substations...
2025-06-08 03:09:50.105 | INFO     | grid.advanced_grid:_create_generators:443 - Creating generators with load-balanced sizing...
2025-06-08 03:09:50.111 | INFO     | grid.advanced_grid:_create_generators:459 - Estimated total load: 5673.0 MW
2025-06-08 03:09:50.112 | INFO     | grid.advanced_grid:_create_generators:460 - Target generation capacity: 6807.6 MW
2025-06-08 03:09:50.113 | INFO     | grid.advanced_grid:_create_generators:479 - Creating 8 generators per region
2025-06-08 03:09:50.114 | INFO     | grid.advanced_grid:_create_generators:545 - Total generation capacity created: 6668.5 MW
2025-06-08 03:09:50.115 | INFO     | grid.advanced_grid:_create_generators:546 - Reserve margin: 17.5%
2025-06-08 03:09:50.115 | INFO     | grid.advanced_grid:_create_transformers:550 - Creating transformers...
2025-06-08 03:09:50.117 | INFO     | grid.advanced_grid:_create_transmission_lines:588 - Creating simplified transmission network...
2025-06-08 03:09:50.121 | INFO     | grid.advanced_grid:_create_interregional_ties:611 - Creating interregional ties...
2025-06-08 03:09:50.124 | INFO     | grid.advanced_grid:_create_distribution_feeders:663 - Creating distribution feeders...
2025-06-08 03:09:50.125 | INFO     | grid.advanced_grid:_deploy_smart_meters:667 - Deploying smart meters...
2025-06-08 03:09:50.125 | INFO     | grid.advanced_grid:_deploy_ders:671 - Deploying DERs...
2025-06-08 03:09:50.125 | INFO     | grid.advanced_grid:_create_microgrids:675 - Creating microgrids...
2025-06-08 03:09:50.125 | INFO     | grid.advanced_grid:_deploy_storage:679 - Deploying energy storage...
2025-06-08 03:09:50.126 | INFO     | grid.advanced_grid:_deploy_protection:683 - Deploying protection systems...
2025-06-08 03:09:50.126 | INFO     | grid.advanced_grid:_deploy_pmus:687 - Deploying PMUs...
2025-06-08 03:09:50.126 | INFO     | grid.advanced_grid:_deploy_facts:691 - Deploying FACTS devices...
2025-06-08 03:09:50.126 | INFO     | grid.advanced_grid:_setup_agc:695 - Setting up AGC...
2025-06-08 03:09:50.127 | INFO     | grid.advanced_grid:__init__:327 - Grid built: 2000 buses, 351 lines, 40 generators
2025-06-08 03:09:50.127 | INFO     | simulation.build_network:build_network:48 - Building pandapower network from AdvancedGrid...
2025-06-08 03:09:50.149 | INFO     | simulation.build_network:_add_buses:72 - Adding buses...
2025-06-08 03:09:54.809 | INFO     | simulation.build_network:_add_loads:114 - Adding loads...
2025-06-08 03:10:00.616 | INFO     | simulation.build_network:_add_generators:141 - Adding generators with voltage control...
2025-06-08 03:10:00.783 | INFO     | simulation.build_network:_add_generators:241 - Added 40 generators with economic dispatch
2025-06-08 03:10:00.784 | INFO     | simulation.build_network:_add_generators:242 - Total dispatched: 5846.5 MW vs target: 5956.6 MW
2025-06-08 03:10:00.784 | INFO     | simulation.build_network:_add_lines:287 - Adding transmission lines...
2025-06-08 03:10:01.985 | INFO     | simulation.build_network:_add_transformers:321 - Adding transformers with voltage control...
2025-06-08 03:10:02.255 | INFO     | simulation.build_network:_add_voltage_control_devices:262 - Adding voltage control devices...
2025-06-08 03:10:02.541 | INFO     | simulation.build_network:_add_external_grid:391 - Adding external grid connections...
2025-06-08 03:10:02.547 | INFO     | simulation.build_network:_add_external_grid:421 - Main slack bus: Bus REGION_1001 at 765kV
2025-06-08 03:10:02.565 | INFO     | simulation.build_network:build_network:65 - Network built: 2000 buses, 351 lines, 44 generators, 2000 loads
2025-06-08 03:10:02.566 | INFO     | simulation.realistic_simulation_orchestrator:setup_base_grid:62 - Base network built in 12.44s:
2025-06-08 03:10:02.566 | INFO     | simulation.realistic_simulation_orchestrator:setup_base_grid:63 -   - 2000 buses
2025-06-08 03:10:02.566 | INFO     | simulation.realistic_simulation_orchestrator:setup_base_grid:64 -   - 351 lines
2025-06-08 03:10:02.567 | INFO     | simulation.realistic_simulation_orchestrator:setup_base_grid:65 -   - 44 generators
2025-06-08 03:10:02.567 | INFO     | simulation.realistic_simulation_orchestrator:setup_base_grid:66 -   - 2000 loads
2025-06-08 03:10:02.567 | INFO     | simulation.realistic_simulation_orchestrator:run_simulation_campaign:74 - Starting simulation campaign with 20 scenarios...
2025-06-08 03:10:19.792 | INFO     | simulation.realistic_simulation_orchestrator:main:306 - Starting realistic simulation campaign...
2025-06-08 03:10:19.792 | INFO     | simulation.realistic_simulation_orchestrator:setup_base_grid:46 - Setting up base 2000-bus grid...
2025-06-08 03:10:19.793 | INFO     | grid.advanced_grid:__init__:322 - Initializing AdvancedGrid with 5 regions, 400 buses per region
2025-06-08 03:10:19.793 | INFO     | grid.advanced_grid:_create_buses:373 - Creating buses...
2025-06-08 03:10:19.824 | INFO     | grid.advanced_grid:_create_substations:405 - Creating substations...
2025-06-08 03:10:19.825 | INFO     | grid.advanced_grid:_create_generators:443 - Creating generators with load-balanced sizing...
2025-06-08 03:10:19.830 | INFO     | grid.advanced_grid:_create_generators:459 - Estimated total load: 5631.2 MW
2025-06-08 03:10:19.831 | INFO     | grid.advanced_grid:_create_generators:460 - Target generation capacity: 6757.4 MW
2025-06-08 03:10:19.831 | INFO     | grid.advanced_grid:_create_generators:479 - Creating 8 generators per region
2025-06-08 03:10:19.832 | INFO     | grid.advanced_grid:_create_generators:545 - Total generation capacity created: 6635.4 MW
2025-06-08 03:10:19.832 | INFO     | grid.advanced_grid:_create_generators:546 - Reserve margin: 17.8%
2025-06-08 03:10:19.833 | INFO     | grid.advanced_grid:_create_transformers:550 - Creating transformers...
2025-06-08 03:10:19.835 | INFO     | grid.advanced_grid:_create_transmission_lines:588 - Creating simplified transmission network...
2025-06-08 03:10:19.841 | INFO     | grid.advanced_grid:_create_interregional_ties:611 - Creating interregional ties...
2025-06-08 03:10:19.844 | INFO     | grid.advanced_grid:_create_distribution_feeders:663 - Creating distribution feeders...
2025-06-08 03:10:19.845 | INFO     | grid.advanced_grid:_deploy_smart_meters:667 - Deploying smart meters...
2025-06-08 03:10:19.845 | INFO     | grid.advanced_grid:_deploy_ders:671 - Deploying DERs...
2025-06-08 03:10:19.845 | INFO     | grid.advanced_grid:_create_microgrids:675 - Creating microgrids...
2025-06-08 03:10:19.846 | INFO     | grid.advanced_grid:_deploy_storage:679 - Deploying energy storage...
2025-06-08 03:10:19.846 | INFO     | grid.advanced_grid:_deploy_protection:683 - Deploying protection systems...
2025-06-08 03:10:19.846 | INFO     | grid.advanced_grid:_deploy_pmus:687 - Deploying PMUs...
2025-06-08 03:10:19.846 | INFO     | grid.advanced_grid:_deploy_facts:691 - Deploying FACTS devices...
2025-06-08 03:10:19.847 | INFO     | grid.advanced_grid:_setup_agc:695 - Setting up AGC...
2025-06-08 03:10:19.847 | INFO     | grid.advanced_grid:__init__:327 - Grid built: 2000 buses, 349 lines, 40 generators
2025-06-08 03:10:19.847 | INFO     | simulation.build_network:build_network:48 - Building pandapower network from AdvancedGrid...
2025-06-08 03:10:19.867 | INFO     | simulation.build_network:_add_buses:72 - Adding buses...
2025-06-08 03:10:24.179 | INFO     | simulation.build_network:_add_loads:114 - Adding loads...
2025-06-08 03:10:29.681 | INFO     | simulation.build_network:_add_generators:141 - Adding generators with voltage control...
2025-06-08 03:10:29.841 | INFO     | simulation.build_network:_add_generators:241 - Added 40 generators with economic dispatch
2025-06-08 03:10:29.841 | INFO     | simulation.build_network:_add_generators:242 - Total dispatched: 5855.9 MW vs target: 5912.7 MW
2025-06-08 03:10:29.842 | INFO     | simulation.build_network:_add_lines:287 - Adding transmission lines...
2025-06-08 03:10:30.911 | INFO     | simulation.build_network:_add_transformers:321 - Adding transformers with voltage control...
2025-06-08 03:10:31.118 | INFO     | simulation.build_network:_add_voltage_control_devices:262 - Adding voltage control devices...
2025-06-08 03:10:31.387 | INFO     | simulation.build_network:_add_external_grid:391 - Adding external grid connections...
2025-06-08 03:10:31.394 | INFO     | simulation.build_network:_add_external_grid:421 - Main slack bus: Bus REGION_1001 at 765kV
2025-06-08 03:10:31.414 | INFO     | simulation.build_network:build_network:65 - Network built: 2000 buses, 349 lines, 44 generators, 2000 loads
2025-06-08 03:10:31.414 | INFO     | simulation.realistic_simulation_orchestrator:setup_base_grid:62 - Base network built in 11.57s:
2025-06-08 03:10:31.415 | INFO     | simulation.realistic_simulation_orchestrator:setup_base_grid:63 -   - 2000 buses
2025-06-08 03:10:31.415 | INFO     | simulation.realistic_simulation_orchestrator:setup_base_grid:64 -   - 349 lines
2025-06-08 03:10:31.416 | INFO     | simulation.realistic_simulation_orchestrator:setup_base_grid:65 -   - 44 generators
2025-06-08 03:10:31.416 | INFO     | simulation.realistic_simulation_orchestrator:setup_base_grid:66 -   - 2000 loads
2025-06-08 03:10:31.417 | INFO     | simulation.realistic_simulation_orchestrator:run_simulation_campaign:74 - Starting simulation campaign with 20 scenarios...
2025-06-08 03:10:31.418 | INFO     | simulation.scenario_generator:generate_scenario_batch:308 - Generated 20 scenarios:
2025-06-08 03:10:31.419 | INFO     | simulation.scenario_generator:generate_scenario_batch:310 -   normal: 18 (90.0%)
2025-06-08 03:10:31.419 | INFO     | simulation.scenario_generator:generate_scenario_batch:310 -   challenge: 1 (5.0%)
2025-06-08 03:10:31.420 | INFO     | simulation.scenario_generator:generate_scenario_batch:310 -   stress: 1 (5.0%)
2025-06-08 03:10:31.635 | DEBUG    | simulation.scenario_application:apply_scenario:78 - Applied normal scenario: load_mult=0.889, temp=27.4°C
2025-06-08 03:10:31.636 | WARNING  | simulation.scenario_application:run_scenario_simulation:251 - Power flow failed for normal scenario: 'PowerFlowEngine' object has no attribute 'run_power_flow'
2025-06-08 03:10:31.844 | DEBUG    | simulation.scenario_application:apply_scenario:78 - Applied normal scenario: load_mult=0.818, temp=9.4°C
2025-06-08 03:10:31.845 | WARNING  | simulation.scenario_application:run_scenario_simulation:251 - Power flow failed for normal scenario: 'PowerFlowEngine' object has no attribute 'run_power_flow'
2025-06-08 03:10:32.071 | DEBUG    | simulation.scenario_application:apply_scenario:78 - Applied normal scenario: load_mult=0.606, temp=2.5°C
2025-06-08 03:10:32.072 | WARNING  | simulation.scenario_application:run_scenario_simulation:251 - Power flow failed for normal scenario: 'PowerFlowEngine' object has no attribute 'run_power_flow'
2025-06-08 03:10:32.275 | DEBUG    | simulation.scenario_application:apply_scenario:78 - Applied challenge scenario: load_mult=1.388, temp=22.8°C
2025-06-08 03:10:32.275 | WARNING  | simulation.scenario_application:run_scenario_simulation:251 - Power flow failed for challenge scenario: 'PowerFlowEngine' object has no attribute 'run_power_flow'
2025-06-08 03:10:32.478 | DEBUG    | simulation.scenario_application:apply_scenario:78 - Applied normal scenario: load_mult=0.995, temp=23.1°C
2025-06-08 03:10:32.479 | WARNING  | simulation.scenario_application:run_scenario_simulation:251 - Power flow failed for normal scenario: 'PowerFlowEngine' object has no attribute 'run_power_flow'
2025-06-08 03:10:32.691 | DEBUG    | simulation.scenario_application:apply_scenario:78 - Applied normal scenario: load_mult=1.125, temp=14.8°C
2025-06-08 03:10:32.692 | WARNING  | simulation.scenario_application:run_scenario_simulation:251 - Power flow failed for normal scenario: 'PowerFlowEngine' object has no attribute 'run_power_flow'
2025-06-08 03:10:32.906 | DEBUG    | simulation.scenario_application:apply_scenario:78 - Applied normal scenario: load_mult=0.671, temp=-2.9°C
2025-06-08 03:10:32.906 | WARNING  | simulation.scenario_application:run_scenario_simulation:251 - Power flow failed for normal scenario: 'PowerFlowEngine' object has no attribute 'run_power_flow'
2025-06-08 03:10:33.116 | DEBUG    | simulation.scenario_application:apply_scenario:78 - Applied normal scenario: load_mult=0.834, temp=27.8°C
2025-06-08 03:10:33.117 | WARNING  | simulation.scenario_application:run_scenario_simulation:251 - Power flow failed for normal scenario: 'PowerFlowEngine' object has no attribute 'run_power_flow'
2025-06-08 03:10:33.326 | DEBUG    | simulation.scenario_application:apply_scenario:78 - Applied normal scenario: load_mult=0.960, temp=24.9°C
2025-06-08 03:10:33.328 | WARNING  | simulation.scenario_application:run_scenario_simulation:251 - Power flow failed for normal scenario: 'PowerFlowEngine' object has no attribute 'run_power_flow'
2025-06-08 03:10:33.527 | DEBUG    | simulation.scenario_application:apply_scenario:78 - Applied normal scenario: load_mult=0.398, temp=26.9°C
2025-06-08 03:10:33.527 | WARNING  | simulation.scenario_application:run_scenario_simulation:251 - Power flow failed for normal scenario: 'PowerFlowEngine' object has no attribute 'run_power_flow'
2025-06-08 03:10:33.529 | INFO     | simulation.realistic_simulation_orchestrator:run_simulation_campaign:96 - Progress: 10/20 scenarios (100.0% convergence)
2025-06-08 03:10:33.735 | DEBUG    | simulation.scenario_application:apply_scenario:78 - Applied normal scenario: load_mult=1.309, temp=10.8°C
2025-06-08 03:10:33.736 | WARNING  | simulation.scenario_application:run_scenario_simulation:251 - Power flow failed for normal scenario: 'PowerFlowEngine' object has no attribute 'run_power_flow'
2025-06-08 03:10:33.941 | DEBUG    | simulation.scenario_application:apply_scenario:78 - Applied normal scenario: load_mult=1.038, temp=14.4°C
2025-06-08 03:10:33.942 | WARNING  | simulation.scenario_application:run_scenario_simulation:251 - Power flow failed for normal scenario: 'PowerFlowEngine' object has no attribute 'run_power_flow'
2025-06-08 03:10:34.140 | DEBUG    | simulation.scenario_application:apply_scenario:78 - Applied normal scenario: load_mult=0.834, temp=22.5°C
2025-06-08 03:10:34.141 | WARNING  | simulation.scenario_application:run_scenario_simulation:251 - Power flow failed for normal scenario: 'PowerFlowEngine' object has no attribute 'run_power_flow'
2025-06-08 03:10:34.359 | DEBUG    | simulation.scenario_application:apply_scenario:78 - Applied stress scenario: load_mult=1.151, temp=5.1°C
2025-06-08 03:10:34.360 | WARNING  | simulation.scenario_application:run_scenario_simulation:251 - Power flow failed for stress scenario: 'PowerFlowEngine' object has no attribute 'run_power_flow'
2025-06-08 03:10:34.559 | DEBUG    | simulation.scenario_application:apply_scenario:78 - Applied normal scenario: load_mult=0.819, temp=18.1°C
2025-06-08 03:10:34.559 | WARNING  | simulation.scenario_application:run_scenario_simulation:251 - Power flow failed for normal scenario: 'PowerFlowEngine' object has no attribute 'run_power_flow'
2025-06-08 03:10:34.768 | DEBUG    | simulation.scenario_application:apply_scenario:78 - Applied normal scenario: load_mult=0.892, temp=23.7°C
2025-06-08 03:10:34.768 | WARNING  | simulation.scenario_application:run_scenario_simulation:251 - Power flow failed for normal scenario: 'PowerFlowEngine' object has no attribute 'run_power_flow'
2025-06-08 03:10:34.969 | DEBUG    | simulation.scenario_application:apply_scenario:78 - Applied normal scenario: load_mult=0.983, temp=16.3°C
2025-06-08 03:10:34.970 | WARNING  | simulation.scenario_application:run_scenario_simulation:251 - Power flow failed for normal scenario: 'PowerFlowEngine' object has no attribute 'run_power_flow'
2025-06-08 03:10:35.171 | DEBUG    | simulation.scenario_application:apply_scenario:78 - Applied normal scenario: load_mult=0.808, temp=36.2°C
2025-06-08 03:10:35.171 | WARNING  | simulation.scenario_application:run_scenario_simulation:251 - Power flow failed for normal scenario: 'PowerFlowEngine' object has no attribute 'run_power_flow'
2025-06-08 03:10:35.371 | DEBUG    | simulation.scenario_application:apply_scenario:78 - Applied normal scenario: load_mult=0.630, temp=7.3°C
2025-06-08 03:10:35.371 | WARNING  | simulation.scenario_application:run_scenario_simulation:251 - Power flow failed for normal scenario: 'PowerFlowEngine' object has no attribute 'run_power_flow'
2025-06-08 03:10:35.570 | DEBUG    | simulation.scenario_application:apply_scenario:78 - Applied normal scenario: load_mult=1.299, temp=8.2°C
2025-06-08 03:10:35.572 | WARNING  | simulation.scenario_application:run_scenario_simulation:251 - Power flow failed for normal scenario: 'PowerFlowEngine' object has no attribute 'run_power_flow'
2025-06-08 03:10:35.573 | INFO     | simulation.realistic_simulation_orchestrator:run_simulation_campaign:96 - Progress: 20/20 scenarios (100.0% convergence)
2025-06-08 03:10:35.573 | INFO     | simulation.realistic_simulation_orchestrator:run_simulation_campaign:110 - Campaign completed in 4.16s:
2025-06-08 03:10:35.573 | INFO     | simulation.realistic_simulation_orchestrator:run_simulation_campaign:111 -   - 20 successful simulations
2025-06-08 03:10:35.574 | INFO     | simulation.realistic_simulation_orchestrator:run_simulation_campaign:112 -   - 0 converged (0.0%)
2025-06-08 03:10:35.574 | INFO     | simulation.realistic_simulation_orchestrator:run_simulation_campaign:113 -   - 0 failed simulations
2025-06-08 03:10:35.616 | INFO     | simulation.realistic_simulation_orchestrator:export_training_dataset:200 - Training dataset exported to outputs\simulation_dataset.csv
2025-06-08 03:10:35.627 | INFO     | simulation.realistic_simulation_orchestrator:_export_dataset_summary:268 - Dataset summary exported to outputs\simulation_dataset.json
2025-06-08 03:11:13.716 | INFO     | simulation.realistic_simulation_orchestrator:main:312 - Starting realistic simulation campaign...
2025-06-08 03:11:13.716 | INFO     | simulation.realistic_simulation_orchestrator:setup_base_grid:46 - Setting up base 2000-bus grid...
2025-06-08 03:11:13.717 | INFO     | grid.advanced_grid:__init__:322 - Initializing AdvancedGrid with 5 regions, 400 buses per region
2025-06-08 03:11:13.717 | INFO     | grid.advanced_grid:_create_buses:373 - Creating buses...
2025-06-08 03:11:13.752 | INFO     | grid.advanced_grid:_create_substations:405 - Creating substations...
2025-06-08 03:11:13.753 | INFO     | grid.advanced_grid:_create_generators:443 - Creating generators with load-balanced sizing...
2025-06-08 03:11:13.757 | INFO     | grid.advanced_grid:_create_generators:459 - Estimated total load: 5665.3 MW
2025-06-08 03:11:13.758 | INFO     | grid.advanced_grid:_create_generators:460 - Target generation capacity: 6798.3 MW
2025-06-08 03:11:13.758 | INFO     | grid.advanced_grid:_create_generators:479 - Creating 8 generators per region
2025-06-08 03:11:13.759 | INFO     | grid.advanced_grid:_create_generators:545 - Total generation capacity created: 6726.0 MW
2025-06-08 03:11:13.760 | INFO     | grid.advanced_grid:_create_generators:546 - Reserve margin: 18.7%
2025-06-08 03:11:13.760 | INFO     | grid.advanced_grid:_create_transformers:550 - Creating transformers...
2025-06-08 03:11:13.762 | INFO     | grid.advanced_grid:_create_transmission_lines:588 - Creating simplified transmission network...
2025-06-08 03:11:13.768 | INFO     | grid.advanced_grid:_create_interregional_ties:611 - Creating interregional ties...
2025-06-08 03:11:13.771 | INFO     | grid.advanced_grid:_create_distribution_feeders:663 - Creating distribution feeders...
2025-06-08 03:11:13.772 | INFO     | grid.advanced_grid:_deploy_smart_meters:667 - Deploying smart meters...
2025-06-08 03:11:13.772 | INFO     | grid.advanced_grid:_deploy_ders:671 - Deploying DERs...
2025-06-08 03:11:13.773 | INFO     | grid.advanced_grid:_create_microgrids:675 - Creating microgrids...
2025-06-08 03:11:13.773 | INFO     | grid.advanced_grid:_deploy_storage:679 - Deploying energy storage...
2025-06-08 03:11:13.773 | INFO     | grid.advanced_grid:_deploy_protection:683 - Deploying protection systems...
2025-06-08 03:11:13.773 | INFO     | grid.advanced_grid:_deploy_pmus:687 - Deploying PMUs...
2025-06-08 03:11:13.774 | INFO     | grid.advanced_grid:_deploy_facts:691 - Deploying FACTS devices...
2025-06-08 03:11:13.774 | INFO     | grid.advanced_grid:_setup_agc:695 - Setting up AGC...
2025-06-08 03:11:13.774 | INFO     | grid.advanced_grid:__init__:327 - Grid built: 2000 buses, 350 lines, 40 generators
2025-06-08 03:11:13.774 | INFO     | simulation.build_network:build_network:48 - Building pandapower network from AdvancedGrid...
2025-06-08 03:11:13.796 | INFO     | simulation.build_network:_add_buses:72 - Adding buses...
2025-06-08 03:11:17.901 | INFO     | simulation.build_network:_add_loads:114 - Adding loads...
2025-06-08 03:11:23.479 | INFO     | simulation.build_network:_add_generators:141 - Adding generators with voltage control...
2025-06-08 03:11:23.635 | INFO     | simulation.build_network:_add_generators:241 - Added 40 generators with economic dispatch
2025-06-08 03:11:23.635 | INFO     | simulation.build_network:_add_generators:242 - Total dispatched: 5763.8 MW vs target: 5948.5 MW
2025-06-08 03:11:23.635 | INFO     | simulation.build_network:_add_lines:287 - Adding transmission lines...
2025-06-08 03:11:24.743 | INFO     | simulation.build_network:_add_transformers:321 - Adding transformers with voltage control...
2025-06-08 03:11:24.954 | INFO     | simulation.build_network:_add_voltage_control_devices:262 - Adding voltage control devices...
2025-06-08 03:11:25.222 | INFO     | simulation.build_network:_add_external_grid:391 - Adding external grid connections...
2025-06-08 03:11:25.227 | INFO     | simulation.build_network:_add_external_grid:421 - Main slack bus: Bus REGION_1001 at 765kV
2025-06-08 03:11:25.246 | INFO     | simulation.build_network:build_network:65 - Network built: 2000 buses, 350 lines, 44 generators, 2000 loads
2025-06-08 03:11:25.246 | INFO     | simulation.realistic_simulation_orchestrator:setup_base_grid:62 - Base network built in 11.47s:
2025-06-08 03:11:25.246 | INFO     | simulation.realistic_simulation_orchestrator:setup_base_grid:63 -   - 2000 buses
2025-06-08 03:11:25.247 | INFO     | simulation.realistic_simulation_orchestrator:setup_base_grid:64 -   - 350 lines
2025-06-08 03:11:25.247 | INFO     | simulation.realistic_simulation_orchestrator:setup_base_grid:65 -   - 44 generators
2025-06-08 03:11:25.247 | INFO     | simulation.realistic_simulation_orchestrator:setup_base_grid:66 -   - 2000 loads
2025-06-08 03:11:25.248 | INFO     | simulation.realistic_simulation_orchestrator:run_simulation_campaign:74 - Starting simulation campaign with 20 scenarios...
2025-06-08 03:11:25.248 | INFO     | simulation.scenario_generator:generate_scenario_batch:308 - Generated 20 scenarios:
2025-06-08 03:11:25.249 | INFO     | simulation.scenario_generator:generate_scenario_batch:310 -   normal: 16 (80.0%)
2025-06-08 03:11:25.249 | INFO     | simulation.scenario_generator:generate_scenario_batch:310 -   challenge: 1 (5.0%)
2025-06-08 03:11:25.249 | INFO     | simulation.scenario_generator:generate_scenario_batch:310 -   stress: 3 (15.0%)
2025-06-08 03:11:25.446 | DEBUG    | simulation.scenario_application:apply_scenario:78 - Applied normal scenario: load_mult=1.079, temp=20.2°C
2025-06-08 03:11:25.447 | INFO     | simulation.power_flow:solve_power_flow:102 - Starting power flow analysis...
2025-06-08 03:11:25.447 | INFO     | simulation.power_flow:solve_power_flow:111 - Trying algorithm: nr
2025-06-08 03:11:25.563 | INFO     | simulation.power_flow:solve_power_flow:121 - Power flow converged with nr in 0.116s
2025-06-08 03:11:25.867 | DEBUG    | simulation.scenario_application:apply_scenario:78 - Applied normal scenario: load_mult=1.139, temp=12.9°C
2025-06-08 03:11:25.868 | INFO     | simulation.power_flow:solve_power_flow:102 - Starting power flow analysis...
2025-06-08 03:11:25.868 | INFO     | simulation.power_flow:solve_power_flow:111 - Trying algorithm: nr
2025-06-08 03:11:25.975 | INFO     | simulation.power_flow:solve_power_flow:121 - Power flow converged with nr in 0.107s
2025-06-08 03:11:26.273 | DEBUG    | simulation.scenario_application:apply_scenario:78 - Applied normal scenario: load_mult=0.977, temp=9.1°C
2025-06-08 03:11:26.273 | INFO     | simulation.power_flow:solve_power_flow:102 - Starting power flow analysis...
2025-06-08 03:11:26.273 | INFO     | simulation.power_flow:solve_power_flow:111 - Trying algorithm: nr
2025-06-08 03:11:26.378 | INFO     | simulation.power_flow:solve_power_flow:121 - Power flow converged with nr in 0.105s
2025-06-08 03:11:26.676 | DEBUG    | simulation.scenario_application:apply_scenario:78 - Applied normal scenario: load_mult=0.790, temp=25.1°C
2025-06-08 03:11:26.677 | INFO     | simulation.power_flow:solve_power_flow:102 - Starting power flow analysis...
2025-06-08 03:11:26.677 | INFO     | simulation.power_flow:solve_power_flow:111 - Trying algorithm: nr
2025-06-08 03:11:26.785 | INFO     | simulation.power_flow:solve_power_flow:121 - Power flow converged with nr in 0.108s
2025-06-08 03:11:27.081 | DEBUG    | simulation.scenario_application:apply_scenario:78 - Applied challenge scenario: load_mult=1.370, temp=10.8°C
2025-06-08 03:11:27.082 | INFO     | simulation.power_flow:solve_power_flow:102 - Starting power flow analysis...
2025-06-08 03:11:27.082 | INFO     | simulation.power_flow:solve_power_flow:111 - Trying algorithm: nr
2025-06-08 03:11:27.192 | INFO     | simulation.power_flow:solve_power_flow:121 - Power flow converged with nr in 0.110s
2025-06-08 03:11:27.487 | DEBUG    | simulation.scenario_application:apply_scenario:78 - Applied normal scenario: load_mult=1.004, temp=22.2°C
2025-06-08 03:11:27.487 | INFO     | simulation.power_flow:solve_power_flow:102 - Starting power flow analysis...
2025-06-08 03:11:27.487 | INFO     | simulation.power_flow:solve_power_flow:111 - Trying algorithm: nr
2025-06-08 03:11:27.594 | INFO     | simulation.power_flow:solve_power_flow:121 - Power flow converged with nr in 0.106s
2025-06-08 03:11:27.890 | DEBUG    | simulation.scenario_application:apply_scenario:78 - Applied normal scenario: load_mult=0.899, temp=15.0°C
2025-06-08 03:11:27.890 | INFO     | simulation.power_flow:solve_power_flow:102 - Starting power flow analysis...
2025-06-08 03:11:27.890 | INFO     | simulation.power_flow:solve_power_flow:111 - Trying algorithm: nr
2025-06-08 03:11:28.033 | INFO     | simulation.power_flow:solve_power_flow:121 - Power flow converged with nr in 0.143s
2025-06-08 03:11:28.398 | DEBUG    | simulation.scenario_application:apply_scenario:78 - Applied normal scenario: load_mult=1.036, temp=13.7°C
2025-06-08 03:11:28.399 | INFO     | simulation.power_flow:solve_power_flow:102 - Starting power flow analysis...
2025-06-08 03:11:28.399 | INFO     | simulation.power_flow:solve_power_flow:111 - Trying algorithm: nr
2025-06-08 03:11:28.529 | INFO     | simulation.power_flow:solve_power_flow:121 - Power flow converged with nr in 0.130s
2025-06-08 03:11:28.868 | DEBUG    | simulation.scenario_application:apply_scenario:78 - Applied normal scenario: load_mult=1.031, temp=24.0°C
2025-06-08 03:11:28.868 | INFO     | simulation.power_flow:solve_power_flow:102 - Starting power flow analysis...
2025-06-08 03:11:28.868 | INFO     | simulation.power_flow:solve_power_flow:111 - Trying algorithm: nr
2025-06-08 03:11:28.975 | INFO     | simulation.power_flow:solve_power_flow:121 - Power flow converged with nr in 0.107s
2025-06-08 03:11:29.279 | DEBUG    | simulation.scenario_application:apply_scenario:78 - Applied normal scenario: load_mult=0.527, temp=16.1°C
2025-06-08 03:11:29.280 | INFO     | simulation.power_flow:solve_power_flow:102 - Starting power flow analysis...
2025-06-08 03:11:29.280 | INFO     | simulation.power_flow:solve_power_flow:111 - Trying algorithm: nr
2025-06-08 03:11:29.390 | INFO     | simulation.power_flow:solve_power_flow:121 - Power flow converged with nr in 0.110s
2025-06-08 03:11:29.494 | INFO     | simulation.realistic_simulation_orchestrator:run_simulation_campaign:96 - Progress: 10/20 scenarios (100.0% convergence)
2025-06-08 03:11:29.719 | DEBUG    | simulation.scenario_application:apply_scenario:78 - Applied stress scenario: load_mult=1.183, temp=9.3°C
2025-06-08 03:11:29.719 | INFO     | simulation.power_flow:solve_power_flow:102 - Starting power flow analysis...
2025-06-08 03:11:29.720 | INFO     | simulation.power_flow:solve_power_flow:111 - Trying algorithm: nr
2025-06-08 03:11:29.836 | INFO     | simulation.power_flow:solve_power_flow:121 - Power flow converged with nr in 0.117s
2025-06-08 03:11:30.152 | DEBUG    | simulation.scenario_application:apply_scenario:78 - Applied normal scenario: load_mult=0.868, temp=8.5°C
2025-06-08 03:11:30.153 | INFO     | simulation.power_flow:solve_power_flow:102 - Starting power flow analysis...
2025-06-08 03:11:30.154 | INFO     | simulation.power_flow:solve_power_flow:111 - Trying algorithm: nr
2025-06-08 03:11:30.275 | INFO     | simulation.power_flow:solve_power_flow:121 - Power flow converged with nr in 0.121s
2025-06-08 03:11:30.602 | DEBUG    | simulation.scenario_application:apply_scenario:78 - Applied normal scenario: load_mult=1.055, temp=30.5°C
2025-06-08 03:11:30.604 | INFO     | simulation.power_flow:solve_power_flow:102 - Starting power flow analysis...
2025-06-08 03:11:30.604 | INFO     | simulation.power_flow:solve_power_flow:111 - Trying algorithm: nr
2025-06-08 03:11:30.723 | INFO     | simulation.power_flow:solve_power_flow:121 - Power flow converged with nr in 0.119s
2025-06-08 03:11:31.042 | DEBUG    | simulation.scenario_application:apply_scenario:78 - Applied normal scenario: load_mult=0.721, temp=24.5°C
2025-06-08 03:11:31.043 | INFO     | simulation.power_flow:solve_power_flow:102 - Starting power flow analysis...
2025-06-08 03:11:31.043 | INFO     | simulation.power_flow:solve_power_flow:111 - Trying algorithm: nr
2025-06-08 03:11:31.148 | INFO     | simulation.power_flow:solve_power_flow:121 - Power flow converged with nr in 0.105s
2025-06-08 03:11:31.448 | DEBUG    | simulation.scenario_application:apply_scenario:78 - Applied normal scenario: load_mult=0.994, temp=24.5°C
2025-06-08 03:11:31.448 | INFO     | simulation.power_flow:solve_power_flow:102 - Starting power flow analysis...
2025-06-08 03:11:31.448 | INFO     | simulation.power_flow:solve_power_flow:111 - Trying algorithm: nr
2025-06-08 03:11:31.553 | INFO     | simulation.power_flow:solve_power_flow:121 - Power flow converged with nr in 0.105s
2025-06-08 03:11:31.889 | DEBUG    | simulation.scenario_application:apply_scenario:78 - Applied normal scenario: load_mult=0.675, temp=18.7°C
2025-06-08 03:11:31.890 | INFO     | simulation.power_flow:solve_power_flow:102 - Starting power flow analysis...
2025-06-08 03:11:31.890 | INFO     | simulation.power_flow:solve_power_flow:111 - Trying algorithm: nr
2025-06-08 03:11:32.013 | INFO     | simulation.power_flow:solve_power_flow:121 - Power flow converged with nr in 0.123s
2025-06-08 03:11:32.324 | DEBUG    | simulation.scenario_application:apply_scenario:78 - Applied normal scenario: load_mult=0.906, temp=22.2°C
2025-06-08 03:11:32.324 | INFO     | simulation.power_flow:solve_power_flow:102 - Starting power flow analysis...
2025-06-08 03:11:32.325 | INFO     | simulation.power_flow:solve_power_flow:111 - Trying algorithm: nr
2025-06-08 03:11:32.432 | INFO     | simulation.power_flow:solve_power_flow:121 - Power flow converged with nr in 0.108s
2025-06-08 03:11:32.726 | DEBUG    | simulation.scenario_application:apply_scenario:78 - Applied stress scenario: load_mult=1.219, temp=13.4°C
2025-06-08 03:11:32.727 | INFO     | simulation.power_flow:solve_power_flow:102 - Starting power flow analysis...
2025-06-08 03:11:32.727 | INFO     | simulation.power_flow:solve_power_flow:111 - Trying algorithm: nr
2025-06-08 03:11:32.837 | INFO     | simulation.power_flow:solve_power_flow:121 - Power flow converged with nr in 0.110s
2025-06-08 03:11:33.133 | DEBUG    | simulation.scenario_application:apply_scenario:78 - Applied normal scenario: load_mult=1.006, temp=33.1°C
2025-06-08 03:11:33.133 | INFO     | simulation.power_flow:solve_power_flow:102 - Starting power flow analysis...
2025-06-08 03:11:33.133 | INFO     | simulation.power_flow:solve_power_flow:111 - Trying algorithm: nr
2025-06-08 03:11:33.244 | INFO     | simulation.power_flow:solve_power_flow:121 - Power flow converged with nr in 0.111s
2025-06-08 03:11:33.544 | DEBUG    | simulation.scenario_application:apply_scenario:78 - Applied stress scenario: load_mult=1.225, temp=11.2°C
2025-06-08 03:11:33.545 | INFO     | simulation.power_flow:solve_power_flow:102 - Starting power flow analysis...
2025-06-08 03:11:33.545 | INFO     | simulation.power_flow:solve_power_flow:111 - Trying algorithm: nr
2025-06-08 03:11:33.655 | INFO     | simulation.power_flow:solve_power_flow:121 - Power flow converged with nr in 0.110s
2025-06-08 03:11:33.751 | INFO     | simulation.realistic_simulation_orchestrator:run_simulation_campaign:96 - Progress: 20/20 scenarios (100.0% convergence)
2025-06-08 03:11:33.752 | INFO     | simulation.realistic_simulation_orchestrator:run_simulation_campaign:110 - Campaign completed in 8.50s:
2025-06-08 03:11:33.752 | INFO     | simulation.realistic_simulation_orchestrator:run_simulation_campaign:111 -   - 20 successful simulations
2025-06-08 03:11:33.752 | INFO     | simulation.realistic_simulation_orchestrator:run_simulation_campaign:112 -   - 20 converged (100.0%)
2025-06-08 03:11:33.752 | INFO     | simulation.realistic_simulation_orchestrator:run_simulation_campaign:113 -   - 0 failed simulations
2025-06-08 03:11:33.766 | INFO     | simulation.realistic_simulation_orchestrator:export_training_dataset:200 - Training dataset exported to outputs\simulation_dataset.csv
2025-06-08 03:11:33.773 | INFO     | simulation.realistic_simulation_orchestrator:_export_dataset_summary:268 - Dataset summary exported to outputs\simulation_dataset.json
2025-06-08 03:11:33.781 | INFO     | simulation.realistic_simulation_orchestrator:main:322 - Analysis results:
2025-06-08 03:11:33.781 | INFO     | simulation.realistic_simulation_orchestrator:main:324 - convergence_by_scenario_type: {'challenge': {'count': 1, 'sum': 1, 'mean': 1.0}, 'normal': {'count': 16, 'sum': 16, 'mean': 1.0}, 'stress': {'count': 3, 'sum': 3, 'mean': 1.0}}
2025-06-08 03:11:33.781 | INFO     | simulation.realistic_simulation_orchestrator:main:324 - performance_metrics: {'avg_computation_time': np.float64(0.21454691886901855), 'avg_iterations': np.float64(50.0), 'avg_loss_percentage': np.float64(6.7324005377051765), 'avg_voltage_violations': np.float64(237.55)}
2025-06-08 03:11:33.782 | INFO     | simulation.realistic_simulation_orchestrator:main:324 - convergence_correlations: Could not compute correlations - insufficient numeric data
2025-06-08 03:11:33.782 | INFO     | simulation.realistic_simulation_orchestrator:main:326 - Training dataset available at: outputs\simulation_dataset.csv
